Arguments: 
  D:\node\node.exe C:\Users\rheil\AppData\Roaming\npm\node_modules\yarn\bin\yarn.js dev

PATH: 
  C:\Python311\Scripts\;C:\Python311\;C:\Program Files\Common Files\Oracle\Java\javapath;c:\program files (x86)\common files\oracle\java\javapath;c:\program files (x86)\intel\icls client\;c:\program files\intel\icls client\;c:\windows\system32;c:\windows;c:\windows\system32\wbem;c:\windows\system32\windowspowershell\v1.0\;c:\program files (x86)\intel\intel(r) management engine components\dal;c:\program files\intel\intel(r) management engine components\dal;c:\program files (x86)\intel\intel(r) management engine components\ipt;c:\program files\intel\intel(r) management engine components\ipt;c:\windows\system32\openssh\;C:\Program Files (x86)\NVIDIA Corporation\PhysX\Common;C:\WINDOWS\system32;C:\WINDOWS;C:\WINDOWS\System32\Wbem;C:\WINDOWS\System32\WindowsPowerShell\v1.0\;C:\WINDOWS\System32\OpenSSH\;C:\Program Files\NVIDIA Corporation\NVIDIA NvDLISR;C:\Program Files (x86)\dotnet\;C:\Program Files\dotnet\;D:\node\;C:\ProgramData\chocolatey\bin;C:\Users\rheil\AppData\Local\Microsoft\WindowsApps;C:\ffmpeg\bin;D:\VSC\bin;C:\Users\rheil\AppData\Local\GitHubDesktop\bin;C:\Users\rheil\AppData\Roaming\npm

Yarn version: 
  1.22.19

Node version: 
  18.12.1

Platform: 
  win32 x64

Trace: 
  SyntaxError: D:\git\GPA-Calculator\package.json: Unexpected token , in JSON at position 94
      at JSON.parse (<anonymous>)
      at C:\Users\rheil\AppData\Roaming\npm\node_modules\yarn\lib\cli.js:1629:59
      at Generator.next (<anonymous>)
      at step (C:\Users\rheil\AppData\Roaming\npm\node_modules\yarn\lib\cli.js:310:30)
      at C:\Users\rheil\AppData\Roaming\npm\node_modules\yarn\lib\cli.js:321:13

npm manifest: 
  {
    "name": "GPA-Calculator",
    "version": "1.0.0",
    "main": "index.js",
    "license": "MIT"
  },
  "devDependencies": {
    "autoprefixer": "^10.4.13",
    "postcss": "^8.4.19",
    "tailwindcss": "^3.2.4"
  }

yarn manifest: 
  No manifest

Lockfile: 
  # THIS IS AN AUTOGENERATED FILE. DO NOT EDIT THIS FILE DIRECTLY.
  # yarn lockfile v1
